<?xml version="1.0" encoding="UTF-8"?>
<testng-results skipped="0" failed="0" ignored="0" total="1" passed="1">
  <reporter-output>
  </reporter-output>
  <suite name="Suite" duration-ms="89" started-at="2017-09-30T18:20:10Z" finished-at="2017-09-30T18:20:10Z">
    <groups>
    </groups>
    <test name="Test" duration-ms="89" started-at="2017-09-30T18:20:10Z" finished-at="2017-09-30T18:20:10Z">
      <class name="learnTestNG.CommandPrompt">
        <test-method status="PASS" signature="runFromCommand()[pri:0, instance:learnTestNG.CommandPrompt@7921b0a2]" name="runFromCommand" duration-ms="20" started-at="2017-09-30T13:20:10Z" finished-at="2017-09-30T13:20:10Z">
          <reporter-output>
          </reporter-output>
        </test-method> <!-- runFromCommand -->
      </class> <!-- learnTestNG.CommandPrompt -->
    </test> <!-- Test -->
  </suite> <!-- Suite -->
</testng-results>
